0 verbose cli C:\Users\prash\Documents\New project\node-v22.14.0-win-x64\node.exe C:\Users\prash\Documents\New project\node-v22.14.0-win-x64\node_modules\npm\bin\npm-cli.js
1 info using npm@10.9.2
2 info using node@v22.14.0
3 silly config load:file:C:\Users\prash\Documents\New project\node-v22.14.0-win-x64\node_modules\npm\npmrc
4 silly config load:file:C:\Users\prash\Documents\New project\server\.npmrc
5 silly config load:file:C:\Users\prash\.npmrc
6 silly config load:file:C:\Users\prash\Documents\New project\node-v22.14.0-win-x64\etc\npmrc
7 verbose title npm install
8 verbose argv "install"
9 verbose logfile logs-max:10 dir:C:\Users\prash\Documents\New project\.npm-cache\_logs\2026-03-28T20_13_33_339Z-
10 verbose logfile C:\Users\prash\Documents\New project\.npm-cache\_logs\2026-03-28T20_13_33_339Z-debug-0.log
11 silly logfile done cleaning log files
12 silly packumentCache heap:4345298944 maxSize:1086324736 maxEntrySize:543162368
13 silly idealTree buildDeps
14 silly fetch manifest cors@^2.8.5
15 silly packumentCache full:https://registry.npmjs.org/cors cache-miss
16 http fetch GET 200 https://registry.npmjs.org/cors 171ms (cache miss)
17 silly packumentCache full:https://registry.npmjs.org/cors set size:undefined disposed:false
18 silly fetch manifest dotenv@^16.0.0
19 silly packumentCache full:https://registry.npmjs.org/dotenv cache-miss
20 http cache https://registry.npmjs.org/dotenv 8ms (cache hit)
21 silly packumentCache full:https://registry.npmjs.org/dotenv set size:270065 disposed:false
22 silly fetch manifest express@^4.18.0
23 silly packumentCache full:https://registry.npmjs.org/express cache-miss
24 http cache https://registry.npmjs.org/express 6ms (cache hit)
25 silly packumentCache full:https://registry.npmjs.org/express set size:801242 disposed:false
26 silly fetch manifest node-fetch@^3.3.0
27 silly packumentCache full:https://registry.npmjs.org/node-fetch cache-miss
28 http fetch GET 200 https://registry.npmjs.org/node-fetch 94ms (cache miss)
29 silly packumentCache full:https://registry.npmjs.org/node-fetch set size:undefined disposed:false
30 silly placeDep ROOT cors@2.8.6 OK for: plant-autopsy-server@1.0.0 want: ^2.8.5
31 silly placeDep ROOT dotenv@16.6.1 OK for: plant-autopsy-server@1.0.0 want: ^16.0.0
32 silly placeDep ROOT express@4.22.1 OK for: plant-autopsy-server@1.0.0 want: ^4.18.0
33 silly placeDep ROOT node-fetch@3.3.2 OK for: plant-autopsy-server@1.0.0 want: ^3.3.0
34 silly fetch manifest object-assign@^4
35 silly packumentCache full:https://registry.npmjs.org/object-assign cache-miss
36 silly fetch manifest vary@^1
37 silly packumentCache full:https://registry.npmjs.org/vary cache-miss
38 silly fetch manifest qs@~6.14.0
39 silly packumentCache full:https://registry.npmjs.org/qs cache-miss
40 silly fetch manifest depd@2.0.0
41 silly packumentCache full:https://registry.npmjs.org/depd cache-miss
42 silly fetch manifest etag@~1.8.1
43 silly packumentCache full:https://registry.npmjs.org/etag cache-miss
44 silly fetch manifest send@~0.19.0
45 silly packumentCache full:https://registry.npmjs.org/send cache-miss
46 silly fetch manifest vary@~1.1.2
47 silly packumentCache full:https://registry.npmjs.org/vary cache-miss
48 silly fetch manifest debug@2.6.9
49 silly packumentCache full:https://registry.npmjs.org/debug cache-miss
50 silly fetch manifest fresh@~0.5.2
51 silly packumentCache full:https://registry.npmjs.org/fresh cache-miss
52 silly fetch manifest cookie@~0.7.1
53 silly packumentCache full:https://registry.npmjs.org/cookie cache-miss
54 silly fetch manifest accepts@~1.3.8
55 silly packumentCache full:https://registry.npmjs.org/accepts cache-miss
56 http cache https://registry.npmjs.org/object-assign 59ms (cache hit)
57 silly packumentCache full:https://registry.npmjs.org/object-assign set size:28988 disposed:false
58 silly fetch manifest methods@~1.1.2
59 silly packumentCache full:https://registry.npmjs.org/methods cache-miss
60 http cache https://registry.npmjs.org/send 60ms (cache hit)
61 silly packumentCache full:https://registry.npmjs.org/send set size:152810 disposed:false
62 silly fetch manifest type-is@~1.6.18
63 silly packumentCache full:https://registry.npmjs.org/type-is cache-miss
64 http cache https://registry.npmjs.org/qs 66ms (cache hit)
65 silly packumentCache full:https://registry.npmjs.org/qs set size:350258 disposed:false
66 silly fetch manifest parseurl@~1.3.3
67 silly packumentCache full:https://registry.npmjs.org/parseurl cache-miss
68 http cache https://registry.npmjs.org/vary 72ms (cache hit)
69 silly packumentCache full:https://registry.npmjs.org/vary set size:16018 disposed:false
70 silly fetch manifest statuses@~2.0.1
71 silly packumentCache full:https://registry.npmjs.org/statuses cache-miss
72 http cache https://registry.npmjs.org/debug 73ms (cache hit)
73 silly packumentCache full:https://registry.npmjs.org/debug set size:195840 disposed:false
74 silly fetch manifest encodeurl@~2.0.0
75 silly packumentCache full:https://registry.npmjs.org/encodeurl cache-miss
76 http cache https://registry.npmjs.org/vary 77ms (cache hit)
77 silly packumentCache full:https://registry.npmjs.org/vary set size:16018 disposed:false
78 silly packumentCache full:https://registry.npmjs.org/vary dispose
79 silly fetch manifest proxy-addr@~2.0.7
80 silly packumentCache full:https://registry.npmjs.org/proxy-addr cache-miss
81 http cache https://registry.npmjs.org/depd 78ms (cache hit)
82 silly packumentCache full:https://registry.npmjs.org/depd set size:40182 disposed:false
83 silly fetch manifest body-parser@~1.20.3
84 silly packumentCache full:https://registry.npmjs.org/body-parser cache-miss
85 http cache https://registry.npmjs.org/accepts 79ms (cache hit)
86 silly packumentCache full:https://registry.npmjs.org/accepts set size:77054 disposed:false
87 silly fetch manifest escape-html@~1.0.3
88 silly packumentCache full:https://registry.npmjs.org/escape-html cache-miss
89 http cache https://registry.npmjs.org/fresh 81ms (cache hit)
90 silly packumentCache full:https://registry.npmjs.org/fresh set size:25427 disposed:false
91 silly fetch manifest http-errors@~2.0.0
92 silly packumentCache full:https://registry.npmjs.org/http-errors cache-miss
93 http cache https://registry.npmjs.org/etag 84ms (cache hit)
94 silly packumentCache full:https://registry.npmjs.org/etag set size:30032 disposed:false
95 silly fetch manifest on-finished@~2.4.1
96 silly packumentCache full:https://registry.npmjs.org/on-finished cache-miss
97 http cache https://registry.npmjs.org/cookie 85ms (cache hit)
98 silly packumentCache full:https://registry.npmjs.org/cookie set size:72891 disposed:false
99 silly fetch manifest safe-buffer@5.2.1
100 silly packumentCache full:https://registry.npmjs.org/safe-buffer cache-miss
101 http cache https://registry.npmjs.org/methods 42ms (cache hit)
102 silly packumentCache full:https://registry.npmjs.org/methods set size:12600 disposed:false
103 silly fetch manifest utils-merge@1.0.1
104 silly packumentCache full:https://registry.npmjs.org/utils-merge cache-miss
105 http cache https://registry.npmjs.org/type-is 41ms (cache hit)
106 silly packumentCache full:https://registry.npmjs.org/type-is set size:86196 disposed:false
107 silly fetch manifest content-type@~1.0.4
108 silly packumentCache full:https://registry.npmjs.org/content-type cache-miss
109 http cache https://registry.npmjs.org/proxy-addr 28ms (cache hit)
110 silly packumentCache full:https://registry.npmjs.org/proxy-addr set size:61619 disposed:false
111 silly fetch manifest finalhandler@~1.3.1
112 silly packumentCache full:https://registry.npmjs.org/finalhandler cache-miss
113 http cache https://registry.npmjs.org/parseurl 35ms (cache hit)
114 silly packumentCache full:https://registry.npmjs.org/parseurl set size:24148 disposed:false
115 silly fetch manifest range-parser@~1.2.1
116 silly packumentCache full:https://registry.npmjs.org/range-parser cache-miss
117 http cache https://registry.npmjs.org/statuses 39ms (cache hit)
118 silly packumentCache full:https://registry.npmjs.org/statuses set size:37117 disposed:false
119 silly fetch manifest serve-static@~1.16.2
120 silly packumentCache full:https://registry.npmjs.org/serve-static cache-miss
121 http cache https://registry.npmjs.org/encodeurl 38ms (cache hit)
122 silly packumentCache full:https://registry.npmjs.org/encodeurl set size:12296 disposed:false
123 silly fetch manifest array-flatten@1.1.1
124 silly packumentCache full:https://registry.npmjs.org/array-flatten cache-miss
125 http cache https://registry.npmjs.org/body-parser 37ms (cache hit)
126 silly packumentCache full:https://registry.npmjs.org/body-parser set size:216830 disposed:false
127 silly fetch manifest path-to-regexp@~0.1.12
128 silly packumentCache full:https://registry.npmjs.org/path-to-regexp cache-miss
129 http cache https://registry.npmjs.org/escape-html 38ms (cache hit)
130 silly packumentCache full:https://registry.npmjs.org/escape-html set size:7345 disposed:false
131 silly fetch manifest setprototypeof@1.2.0
132 silly packumentCache full:https://registry.npmjs.org/setprototypeof cache-miss
133 http cache https://registry.npmjs.org/http-errors 36ms (cache hit)
134 silly packumentCache full:https://registry.npmjs.org/http-errors set size:71987 disposed:false
135 silly fetch manifest cookie-signature@~1.0.6
136 silly packumentCache full:https://registry.npmjs.org/cookie-signature cache-miss
137 http cache https://registry.npmjs.org/on-finished 37ms (cache hit)
138 silly packumentCache full:https://registry.npmjs.org/on-finished set size:23212 disposed:false
139 silly fetch manifest merge-descriptors@1.0.3
140 silly packumentCache full:https://registry.npmjs.org/merge-descriptors cache-miss
141 http cache https://registry.npmjs.org/safe-buffer 36ms (cache hit)
142 silly packumentCache full:https://registry.npmjs.org/safe-buffer set size:41183 disposed:false
143 silly fetch manifest content-disposition@~0.5.4
144 silly packumentCache full:https://registry.npmjs.org/content-disposition cache-miss
145 http cache https://registry.npmjs.org/utils-merge 31ms (cache hit)
146 silly packumentCache full:https://registry.npmjs.org/utils-merge set size:5237 disposed:false
147 silly fetch manifest data-uri-to-buffer@^4.0.0
148 silly packumentCache full:https://registry.npmjs.org/data-uri-to-buffer cache-miss
149 http cache https://registry.npmjs.org/content-type 30ms (cache hit)
150 silly packumentCache full:https://registry.npmjs.org/content-type set size:17311 disposed:false
151 silly fetch manifest fetch-blob@^3.1.4
152 silly packumentCache full:https://registry.npmjs.org/fetch-blob cache-miss
153 http cache https://registry.npmjs.org/finalhandler 34ms (cache hit)
154 silly packumentCache full:https://registry.npmjs.org/finalhandler set size:79291 disposed:false
155 silly fetch manifest formdata-polyfill@^4.0.10
156 silly packumentCache full:https://registry.npmjs.org/formdata-polyfill cache-miss
157 http cache https://registry.npmjs.org/range-parser 36ms (cache hit)
158 silly packumentCache full:https://registry.npmjs.org/range-parser set size:22228 disposed:false
159 http cache https://registry.npmjs.org/serve-static 36ms (cache hit)
160 silly packumentCache full:https://registry.npmjs.org/serve-static set size:150391 disposed:false
161 http cache https://registry.npmjs.org/setprototypeof 30ms (cache hit)
162 silly packumentCache full:https://registry.npmjs.org/setprototypeof set size:14532 disposed:false
163 http cache https://registry.npmjs.org/array-flatten 36ms (cache hit)
164 silly packumentCache full:https://registry.npmjs.org/array-flatten set size:24005 disposed:false
165 http cache https://registry.npmjs.org/cookie-signature 30ms (cache hit)
166 silly packumentCache full:https://registry.npmjs.org/cookie-signature set size:21777 disposed:false
167 http cache https://registry.npmjs.org/path-to-regexp 32ms (cache hit)
168 silly packumentCache full:https://registry.npmjs.org/path-to-regexp set size:211430 disposed:false
169 http cache https://registry.npmjs.org/merge-descriptors 31ms (cache hit)
170 silly packumentCache full:https://registry.npmjs.org/merge-descriptors set size:16527 disposed:false
171 http cache https://registry.npmjs.org/content-disposition 30ms (cache hit)
172 silly packumentCache full:https://registry.npmjs.org/content-disposition set size:34469 disposed:false
173 http fetch GET 200 https://registry.npmjs.org/data-uri-to-buffer 53ms (cache miss)
174 silly packumentCache full:https://registry.npmjs.org/data-uri-to-buffer set size:undefined disposed:false
175 http fetch GET 200 https://registry.npmjs.org/fetch-blob 125ms (cache miss)
176 silly packumentCache full:https://registry.npmjs.org/fetch-blob set size:undefined disposed:false
177 http fetch GET 200 https://registry.npmjs.org/formdata-polyfill 122ms (cache miss)
178 silly packumentCache full:https://registry.npmjs.org/formdata-polyfill set size:undefined disposed:false
179 silly placeDep ROOT object-assign@4.1.1 OK for: cors@2.8.6 want: ^4
180 silly placeDep ROOT vary@1.1.2 OK for: cors@2.8.6 want: ^1
181 silly placeDep ROOT accepts@1.3.8 OK for: express@4.22.1 want: ~1.3.8
182 silly placeDep ROOT array-flatten@1.1.1 OK for: express@4.22.1 want: 1.1.1
183 silly placeDep ROOT body-parser@1.20.4 OK for: express@4.22.1 want: ~1.20.3
184 silly placeDep ROOT content-disposition@0.5.4 OK for: express@4.22.1 want: ~0.5.4
185 silly placeDep ROOT content-type@1.0.5 OK for: express@4.22.1 want: ~1.0.4
186 silly placeDep ROOT cookie@0.7.2 OK for: express@4.22.1 want: ~0.7.1
187 silly placeDep ROOT cookie-signature@1.0.7 OK for: express@4.22.1 want: ~1.0.6
188 silly placeDep ROOT debug@2.6.9 OK for: express@4.22.1 want: 2.6.9
189 silly placeDep ROOT depd@2.0.0 OK for: express@4.22.1 want: 2.0.0
190 silly placeDep ROOT encodeurl@2.0.0 OK for: express@4.22.1 want: ~2.0.0
191 silly placeDep ROOT escape-html@1.0.3 OK for: express@4.22.1 want: ~1.0.3
192 silly placeDep ROOT etag@1.8.1 OK for: express@4.22.1 want: ~1.8.1
193 silly placeDep ROOT finalhandler@1.3.2 OK for: express@4.22.1 want: ~1.3.1
194 silly placeDep ROOT fresh@0.5.2 OK for: express@4.22.1 want: ~0.5.2
195 silly placeDep ROOT http-errors@2.0.1 OK for: express@4.22.1 want: ~2.0.0
196 silly placeDep ROOT merge-descriptors@1.0.3 OK for: express@4.22.1 want: 1.0.3
197 silly placeDep ROOT methods@1.1.2 OK for: express@4.22.1 want: ~1.1.2
198 silly placeDep ROOT on-finished@2.4.1 OK for: express@4.22.1 want: ~2.4.1
199 silly placeDep ROOT parseurl@1.3.3 OK for: express@4.22.1 want: ~1.3.3
200 silly placeDep ROOT path-to-regexp@0.1.13 OK for: express@4.22.1 want: ~0.1.12
201 silly placeDep ROOT proxy-addr@2.0.7 OK for: express@4.22.1 want: ~2.0.7
202 silly placeDep ROOT qs@6.14.2 OK for: express@4.22.1 want: ~6.14.0
203 silly placeDep ROOT range-parser@1.2.1 OK for: express@4.22.1 want: ~1.2.1
204 silly placeDep ROOT safe-buffer@5.2.1 OK for: express@4.22.1 want: 5.2.1
205 silly placeDep ROOT send@0.19.2 OK for: express@4.22.1 want: ~0.19.0
206 silly placeDep ROOT serve-static@1.16.3 OK for: express@4.22.1 want: ~1.16.2
207 silly placeDep ROOT setprototypeof@1.2.0 OK for: express@4.22.1 want: 1.2.0
208 silly placeDep ROOT statuses@2.0.2 OK for: express@4.22.1 want: ~2.0.1
209 silly placeDep ROOT type-is@1.6.18 OK for: express@4.22.1 want: ~1.6.18
210 silly placeDep ROOT utils-merge@1.0.1 OK for: express@4.22.1 want: 1.0.1
211 silly fetch manifest mime-types@~2.1.34
212 silly packumentCache full:https://registry.npmjs.org/mime-types cache-miss
213 silly fetch manifest negotiator@0.6.3
214 silly packumentCache full:https://registry.npmjs.org/negotiator cache-miss
215 silly fetch manifest bytes@~3.1.2
216 silly packumentCache full:https://registry.npmjs.org/bytes cache-miss
217 silly fetch manifest unpipe@~1.0.0
218 silly packumentCache full:https://registry.npmjs.org/unpipe cache-miss
219 silly fetch manifest destroy@~1.2.0
220 silly packumentCache full:https://registry.npmjs.org/destroy cache-miss
221 silly fetch manifest raw-body@~2.5.3
222 silly packumentCache full:https://registry.npmjs.org/raw-body cache-miss
223 silly fetch manifest iconv-lite@~0.4.24
224 silly packumentCache full:https://registry.npmjs.org/iconv-lite cache-miss
225 silly fetch manifest http-errors@~2.0.1
226 silly packumentCache full:https://registry.npmjs.org/http-errors cache-hit
227 silly fetch manifest content-type@~1.0.5
228 silly packumentCache full:https://registry.npmjs.org/content-type cache-hit
229 silly fetch manifest ms@2.0.0
230 silly packumentCache full:https://registry.npmjs.org/ms cache-miss
231 silly fetch manifest unpipe@~1.0.0
232 silly packumentCache full:https://registry.npmjs.org/unpipe cache-miss
233 silly fetch manifest statuses@~2.0.2
234 silly packumentCache full:https://registry.npmjs.org/statuses cache-hit
235 silly fetch manifest inherits@~2.0.4
236 silly packumentCache full:https://registry.npmjs.org/inherits cache-miss
237 silly fetch manifest setprototypeof@~1.2.0
238 silly packumentCache full:https://registry.npmjs.org/setprototypeof cache-hit
239 silly fetch manifest toidentifier@~1.0.1
240 silly packumentCache full:https://registry.npmjs.org/toidentifier cache-miss
241 http cache https://registry.npmjs.org/bytes 22ms (cache hit)
242 silly packumentCache full:https://registry.npmjs.org/bytes set size:37018 disposed:false
243 silly fetch manifest ee-first@1.1.1
244 silly packumentCache full:https://registry.npmjs.org/ee-first cache-miss
245 http cache https://registry.npmjs.org/ms 19ms (cache hit)
246 silly packumentCache full:https://registry.npmjs.org/ms set size:92208 disposed:false
247 silly fetch manifest forwarded@0.2.0
248 silly packumentCache full:https://registry.npmjs.org/forwarded cache-miss
249 http cache https://registry.npmjs.org/mime-types 26ms (cache hit)
250 silly packumentCache full:https://registry.npmjs.org/mime-types set size:139110 disposed:false
251 silly fetch manifest ipaddr.js@1.9.1
252 silly packumentCache full:https://registry.npmjs.org/ipaddr.js cache-miss
253 http cache https://registry.npmjs.org/raw-body 25ms (cache hit)
254 silly packumentCache full:https://registry.npmjs.org/raw-body set size:117822 disposed:false
255 silly fetch manifest side-channel@^1.1.0
256 silly packumentCache full:https://registry.npmjs.org/side-channel cache-miss
257 http cache https://registry.npmjs.org/iconv-lite 27ms (cache hit)
258 silly packumentCache full:https://registry.npmjs.org/iconv-lite set size:120557 disposed:false
259 silly fetch manifest ms@2.1.3
260 silly packumentCache full:https://registry.npmjs.org/ms cache-hit
261 silly fetch manifest mime@1.6.0
262 silly packumentCache full:https://registry.npmjs.org/mime cache-miss
263 http cache https://registry.npmjs.org/negotiator 33ms (cache hit)
264 silly packumentCache full:https://registry.npmjs.org/negotiator set size:48046 disposed:false
265 silly fetch manifest destroy@1.2.0
266 silly packumentCache full:https://registry.npmjs.org/destroy cache-miss
267 http cache https://registry.npmjs.org/toidentifier 28ms (cache hit)
268 silly packumentCache full:https://registry.npmjs.org/toidentifier set size:12006 disposed:false
269 silly fetch manifest mime-types@~2.1.24
270 silly packumentCache full:https://registry.npmjs.org/mime-types cache-hit
271 silly fetch manifest media-typer@0.3.0
272 silly packumentCache full:https://registry.npmjs.org/media-typer cache-miss
273 http cache https://registry.npmjs.org/destroy 32ms (cache hit)
274 silly packumentCache full:https://registry.npmjs.org/destroy set size:15738 disposed:false
275 http cache https://registry.npmjs.org/unpipe 33ms (cache hit)
276 silly packumentCache full:https://registry.npmjs.org/unpipe set size:3609 disposed:false
277 http cache https://registry.npmjs.org/unpipe 32ms (cache hit)
278 silly packumentCache full:https://registry.npmjs.org/unpipe set size:3609 disposed:false
279 silly packumentCache full:https://registry.npmjs.org/unpipe dispose
280 http cache https://registry.npmjs.org/inherits 32ms (cache hit)
281 silly packumentCache full:https://registry.npmjs.org/inherits set size:12925 disposed:false
282 http cache https://registry.npmjs.org/forwarded 21ms (cache hit)
283 silly packumentCache full:https://registry.npmjs.org/forwarded set size:11229 disposed:false
284 http cache https://registry.npmjs.org/side-channel 18ms (cache hit)
285 silly packumentCache full:https://registry.npmjs.org/side-channel set size:24660 disposed:false
286 http cache https://registry.npmjs.org/ee-first 25ms (cache hit)
287 silly packumentCache full:https://registry.npmjs.org/ee-first set size:15327 disposed:false
288 http cache https://registry.npmjs.org/ipaddr.js 21ms (cache hit)
289 silly packumentCache full:https://registry.npmjs.org/ipaddr.js set size:67857 disposed:false
290 http cache https://registry.npmjs.org/destroy 18ms (cache hit)
291 silly packumentCache full:https://registry.npmjs.org/destroy set size:15738 disposed:false
292 silly packumentCache full:https://registry.npmjs.org/destroy dispose
293 http cache https://registry.npmjs.org/mime 20ms (cache hit)
294 silly packumentCache full:https://registry.npmjs.org/mime set size:119236 disposed:false
295 http cache https://registry.npmjs.org/media-typer 19ms (cache hit)
296 silly packumentCache full:https://registry.npmjs.org/media-typer set size:20873 disposed:false
297 silly placeDep ROOT mime-types@2.1.35 OK for: accepts@1.3.8 want: ~2.1.34
298 silly placeDep ROOT negotiator@0.6.3 OK for: accepts@1.3.8 want: 0.6.3
299 silly fetch manifest mime-db@1.52.0
300 silly packumentCache full:https://registry.npmjs.org/mime-db cache-miss
301 http cache https://registry.npmjs.org/mime-db 4ms (cache hit)
302 silly packumentCache full:https://registry.npmjs.org/mime-db set size:164953 disposed:false
303 silly placeDep ROOT bytes@3.1.2 OK for: body-parser@1.20.4 want: ~3.1.2
304 silly placeDep ROOT destroy@1.2.0 OK for: body-parser@1.20.4 want: ~1.2.0
305 silly placeDep ROOT iconv-lite@0.4.24 OK for: body-parser@1.20.4 want: ~0.4.24
306 silly placeDep ROOT raw-body@2.5.3 OK for: body-parser@1.20.4 want: ~2.5.3
307 silly placeDep ROOT unpipe@1.0.0 OK for: body-parser@1.20.4 want: ~1.0.0
308 silly fetch manifest safer-buffer@>= 2.1.2 < 3
309 silly packumentCache full:https://registry.npmjs.org/safer-buffer cache-miss
310 http cache https://registry.npmjs.org/safer-buffer 4ms (cache hit)
311 silly packumentCache full:https://registry.npmjs.org/safer-buffer set size:18521 disposed:false
312 silly placeDep ROOT ms@2.0.0 OK for: debug@2.6.9 want: 2.0.0
313 silly placeDep ROOT inherits@2.0.4 OK for: http-errors@2.0.1 want: ~2.0.4
314 silly placeDep ROOT toidentifier@1.0.1 OK for: http-errors@2.0.1 want: ~1.0.1
315 silly placeDep ROOT safer-buffer@2.1.2 OK for: iconv-lite@0.4.24 want: >= 2.1.2 < 3
316 silly placeDep ROOT mime-db@1.52.0 OK for: mime-types@2.1.35 want: 1.52.0
317 silly placeDep ROOT data-uri-to-buffer@4.0.1 OK for: node-fetch@3.3.2 want: ^4.0.0
318 silly placeDep ROOT fetch-blob@3.2.0 OK for: node-fetch@3.3.2 want: ^3.1.4
319 silly placeDep ROOT formdata-polyfill@4.0.10 OK for: node-fetch@3.3.2 want: ^4.0.10
320 silly fetch manifest node-domexception@^1.0.0
321 silly packumentCache full:https://registry.npmjs.org/node-domexception cache-miss
322 silly fetch manifest web-streams-polyfill@^3.0.3
323 silly packumentCache full:https://registry.npmjs.org/web-streams-polyfill cache-miss
324 http fetch GET 200 https://registry.npmjs.org/web-streams-polyfill 49ms (cache miss)
325 silly packumentCache full:https://registry.npmjs.org/web-streams-polyfill set size:undefined disposed:false
326 http fetch GET 200 https://registry.npmjs.org/node-domexception 61ms (cache miss)
327 silly packumentCache full:https://registry.npmjs.org/node-domexception set size:undefined disposed:false
328 silly placeDep ROOT node-domexception@1.0.0 OK for: fetch-blob@3.2.0 want: ^1.0.0
329 silly placeDep ROOT web-streams-polyfill@3.3.3 OK for: fetch-blob@3.2.0 want: ^3.0.3
330 silly placeDep ROOT ee-first@1.1.1 OK for: on-finished@2.4.1 want: 1.1.1
331 silly placeDep ROOT forwarded@0.2.0 OK for: proxy-addr@2.0.7 want: 0.2.0
332 silly placeDep ROOT ipaddr.js@1.9.1 OK for: proxy-addr@2.0.7 want: 1.9.1
333 silly placeDep ROOT side-channel@1.1.0 OK for: qs@6.14.2 want: ^1.1.0
334 silly fetch manifest es-errors@^1.3.0
335 silly packumentCache full:https://registry.npmjs.org/es-errors cache-miss
336 silly fetch manifest object-inspect@^1.13.3
337 silly packumentCache full:https://registry.npmjs.org/object-inspect cache-miss
338 silly fetch manifest side-channel-list@^1.0.0
339 silly packumentCache full:https://registry.npmjs.org/side-channel-list cache-miss
340 silly fetch manifest side-channel-map@^1.0.1
341 silly packumentCache full:https://registry.npmjs.org/side-channel-map cache-miss
342 silly fetch manifest side-channel-weakmap@^1.0.2
343 silly packumentCache full:https://registry.npmjs.org/side-channel-weakmap cache-miss
344 http cache https://registry.npmjs.org/object-inspect 12ms (cache hit)
345 silly packumentCache full:https://registry.npmjs.org/object-inspect set size:101912 disposed:false
346 http cache https://registry.npmjs.org/side-channel-list 13ms (cache hit)
347 silly packumentCache full:https://registry.npmjs.org/side-channel-list set size:6005 disposed:false
348 http cache https://registry.npmjs.org/side-channel-weakmap 14ms (cache hit)
349 silly packumentCache full:https://registry.npmjs.org/side-channel-weakmap set size:12620 disposed:false
350 http cache https://registry.npmjs.org/side-channel-map 14ms (cache hit)
351 silly packumentCache full:https://registry.npmjs.org/side-channel-map set size:9126 disposed:false
352 http cache https://registry.npmjs.org/es-errors 15ms (cache hit)
353 silly packumentCache full:https://registry.npmjs.org/es-errors set size:16918 disposed:false
354 silly placeDep ROOT mime@1.6.0 OK for: send@0.19.2 want: 1.6.0
355 silly placeDep node_modules/send ms@2.1.3 OK for: send@0.19.2 want: 2.1.3
356 silly placeDep ROOT es-errors@1.3.0 OK for: side-channel@1.1.0 want: ^1.3.0
357 silly placeDep ROOT object-inspect@1.13.4 OK for: side-channel@1.1.0 want: ^1.13.3
358 silly placeDep ROOT side-channel-list@1.0.0 OK for: side-channel@1.1.0 want: ^1.0.0
359 silly placeDep ROOT side-channel-map@1.0.1 OK for: side-channel@1.1.0 want: ^1.0.1
360 silly placeDep ROOT side-channel-weakmap@1.0.2 OK for: side-channel@1.1.0 want: ^1.0.2
361 silly fetch manifest call-bound@^1.0.2
362 silly packumentCache full:https://registry.npmjs.org/call-bound cache-miss
363 silly fetch manifest get-intrinsic@^1.2.5
364 silly packumentCache full:https://registry.npmjs.org/get-intrinsic cache-miss
365 silly fetch manifest call-bound@^1.0.2
366 silly packumentCache full:https://registry.npmjs.org/call-bound cache-miss
367 silly fetch manifest get-intrinsic@^1.2.5
368 silly packumentCache full:https://registry.npmjs.org/get-intrinsic cache-miss
369 http cache https://registry.npmjs.org/get-intrinsic 8ms (cache hit)
370 silly packumentCache full:https://registry.npmjs.org/get-intrinsic set size:60985 disposed:false
371 http cache https://registry.npmjs.org/call-bound 10ms (cache hit)
372 silly packumentCache full:https://registry.npmjs.org/call-bound set size:15317 disposed:false
373 http cache https://registry.npmjs.org/get-intrinsic 11ms (cache hit)
374 silly packumentCache full:https://registry.npmjs.org/get-intrinsic set size:60985 disposed:false
375 silly packumentCache full:https://registry.npmjs.org/get-intrinsic dispose
376 http cache https://registry.npmjs.org/call-bound 12ms (cache hit)
377 silly packumentCache full:https://registry.npmjs.org/call-bound set size:15317 disposed:false
378 silly packumentCache full:https://registry.npmjs.org/call-bound dispose
379 silly placeDep ROOT call-bound@1.0.4 OK for: side-channel-map@1.0.1 want: ^1.0.2
380 silly placeDep ROOT get-intrinsic@1.3.0 OK for: side-channel-map@1.0.1 want: ^1.2.5
381 silly fetch manifest call-bind-apply-helpers@^1.0.2
382 silly packumentCache full:https://registry.npmjs.org/call-bind-apply-helpers cache-miss
383 silly fetch manifest get-intrinsic@^1.3.0
384 silly packumentCache full:https://registry.npmjs.org/get-intrinsic cache-hit
385 silly fetch manifest gopd@^1.2.0
386 silly packumentCache full:https://registry.npmjs.org/gopd cache-miss
387 silly fetch manifest hasown@^2.0.2
388 silly packumentCache full:https://registry.npmjs.org/hasown cache-miss
389 silly fetch manifest get-proto@^1.0.1
390 silly packumentCache full:https://registry.npmjs.org/get-proto cache-miss
391 silly fetch manifest has-symbols@^1.1.0
392 silly packumentCache full:https://registry.npmjs.org/has-symbols cache-miss
393 silly fetch manifest function-bind@^1.1.2
394 silly packumentCache full:https://registry.npmjs.org/function-bind cache-miss
395 silly fetch manifest es-object-atoms@^1.1.1
396 silly packumentCache full:https://registry.npmjs.org/es-object-atoms cache-miss
397 silly fetch manifest math-intrinsics@^1.1.0
398 silly packumentCache full:https://registry.npmjs.org/math-intrinsics cache-miss
399 silly fetch manifest es-define-property@^1.0.1
400 silly packumentCache full:https://registry.npmjs.org/es-define-property cache-miss
401 silly fetch manifest call-bind-apply-helpers@^1.0.2
402 silly packumentCache full:https://registry.npmjs.org/call-bind-apply-helpers cache-miss
403 http cache https://registry.npmjs.org/function-bind 13ms (cache hit)
404 silly packumentCache full:https://registry.npmjs.org/function-bind set size:15733 disposed:false
405 http cache https://registry.npmjs.org/es-define-property 13ms (cache hit)
406 silly packumentCache full:https://registry.npmjs.org/es-define-property set size:8542 disposed:false
407 http cache https://registry.npmjs.org/es-object-atoms 15ms (cache hit)
408 silly packumentCache full:https://registry.npmjs.org/es-object-atoms set size:15304 disposed:false
409 http cache https://registry.npmjs.org/call-bind-apply-helpers 16ms (cache hit)
410 silly packumentCache full:https://registry.npmjs.org/call-bind-apply-helpers set size:12744 disposed:false
411 http cache https://registry.npmjs.org/hasown 17ms (cache hit)
412 silly packumentCache full:https://registry.npmjs.org/hasown set size:12476 disposed:false
413 http cache https://registry.npmjs.org/get-proto 18ms (cache hit)
414 silly packumentCache full:https://registry.npmjs.org/get-proto set size:8300 disposed:false
415 http cache https://registry.npmjs.org/math-intrinsics 18ms (cache hit)
416 silly packumentCache full:https://registry.npmjs.org/math-intrinsics set size:9265 disposed:false
417 http cache https://registry.npmjs.org/gopd 20ms (cache hit)
418 silly packumentCache full:https://registry.npmjs.org/gopd set size:11458 disposed:false
419 http cache https://registry.npmjs.org/has-symbols 21ms (cache hit)
420 silly packumentCache full:https://registry.npmjs.org/has-symbols set size:21550 disposed:false
421 http cache https://registry.npmjs.org/call-bind-apply-helpers 21ms (cache hit)
422 silly packumentCache full:https://registry.npmjs.org/call-bind-apply-helpers set size:12744 disposed:false
423 silly packumentCache full:https://registry.npmjs.org/call-bind-apply-helpers dispose
424 silly placeDep ROOT call-bind-apply-helpers@1.0.2 OK for: call-bound@1.0.4 want: ^1.0.2
425 silly placeDep ROOT function-bind@1.1.2 OK for: call-bind-apply-helpers@1.0.2 want: ^1.1.2
426 silly placeDep ROOT es-define-property@1.0.1 OK for: get-intrinsic@1.3.0 want: ^1.0.1
427 silly placeDep ROOT es-object-atoms@1.1.1 OK for: get-intrinsic@1.3.0 want: ^1.1.1
428 silly placeDep ROOT get-proto@1.0.1 OK for: get-intrinsic@1.3.0 want: ^1.0.1
429 silly placeDep ROOT gopd@1.2.0 OK for: get-intrinsic@1.3.0 want: ^1.2.0
430 silly placeDep ROOT has-symbols@1.1.0 OK for: get-intrinsic@1.3.0 want: ^1.1.0
431 silly placeDep ROOT hasown@2.0.2 OK for: get-intrinsic@1.3.0 want: ^2.0.2
432 silly placeDep ROOT math-intrinsics@1.1.0 OK for: get-intrinsic@1.3.0 want: ^1.1.0
433 silly fetch manifest dunder-proto@^1.0.1
434 silly packumentCache full:https://registry.npmjs.org/dunder-proto cache-miss
435 http cache https://registry.npmjs.org/dunder-proto 10ms (cache hit)
436 silly packumentCache full:https://registry.npmjs.org/dunder-proto set size:8256 disposed:false
437 silly placeDep ROOT dunder-proto@1.0.1 OK for: get-proto@1.0.1 want: ^1.0.1
438 silly placeDep ROOT media-typer@0.3.0 OK for: type-is@1.6.18 want: 0.3.0
439 silly reify moves {}
440 silly audit bulk request {
440 silly audit   cors: [ '2.8.6' ],
440 silly audit   dotenv: [ '16.6.1' ],
440 silly audit   express: [ '4.22.1' ],
440 silly audit   'node-fetch': [ '3.3.2' ],
440 silly audit   'object-assign': [ '4.1.1' ],
440 silly audit   vary: [ '1.1.2' ],
440 silly audit   accepts: [ '1.3.8' ],
440 silly audit   'array-flatten': [ '1.1.1' ],
440 silly audit   'body-parser': [ '1.20.4' ],
440 silly audit   'content-disposition': [ '0.5.4' ],
440 silly audit   'content-type': [ '1.0.5' ],
440 silly audit   cookie: [ '0.7.2' ],
440 silly audit   'cookie-signature': [ '1.0.7' ],
440 silly audit   debug: [ '2.6.9' ],
440 silly audit   depd: [ '2.0.0' ],
440 silly audit   encodeurl: [ '2.0.0' ],
440 silly audit   'escape-html': [ '1.0.3' ],
440 silly audit   etag: [ '1.8.1' ],
440 silly audit   finalhandler: [ '1.3.2' ],
440 silly audit   fresh: [ '0.5.2' ],
440 silly audit   'http-errors': [ '2.0.1' ],
440 silly audit   'merge-descriptors': [ '1.0.3' ],
440 silly audit   methods: [ '1.1.2' ],
440 silly audit   'on-finished': [ '2.4.1' ],
440 silly audit   parseurl: [ '1.3.3' ],
440 silly audit   'path-to-regexp': [ '0.1.13' ],
440 silly audit   'proxy-addr': [ '2.0.7' ],
440 silly audit   qs: [ '6.14.2' ],
440 silly audit   'range-parser': [ '1.2.1' ],
440 silly audit   'safe-buffer': [ '5.2.1' ],
440 silly audit   send: [ '0.19.2' ],
440 silly audit   'serve-static': [ '1.16.3' ],
440 silly audit   setprototypeof: [ '1.2.0' ],
440 silly audit   statuses: [ '2.0.2' ],
440 silly audit   'type-is': [ '1.6.18' ],
440 silly audit   'utils-merge': [ '1.0.1' ],
440 silly audit   'mime-types': [ '2.1.35' ],
440 silly audit   negotiator: [ '0.6.3' ],
440 silly audit   bytes: [ '3.1.2' ],
440 silly audit   destroy: [ '1.2.0' ],
440 silly audit   'iconv-lite': [ '0.4.24' ],
440 silly audit   'raw-body': [ '2.5.3' ],
440 silly audit   unpipe: [ '1.0.0' ],
440 silly audit   ms: [ '2.0.0', '2.1.3' ],
440 silly audit   inherits: [ '2.0.4' ],
440 silly audit   toidentifier: [ '1.0.1' ],
440 silly audit   'safer-buffer': [ '2.1.2' ],
440 silly audit   'mime-db': [ '1.52.0' ],
440 silly audit   'data-uri-to-buffer': [ '4.0.1' ],
440 silly audit   'fetch-blob': [ '3.2.0' ],
440 silly audit   'formdata-polyfill': [ '4.0.10' ],
440 silly audit   'node-domexception': [ '1.0.0' ],
440 silly audit   'web-streams-polyfill': [ '3.3.3' ],
440 silly audit   'ee-first': [ '1.1.1' ],
440 silly audit   forwarded: [ '0.2.0' ],
440 silly audit   'ipaddr.js': [ '1.9.1' ],
440 silly audit   'side-channel': [ '1.1.0' ],
440 silly audit   mime: [ '1.6.0' ],
440 silly audit   'es-errors': [ '1.3.0' ],
440 silly audit   'object-inspect': [ '1.13.4' ],
440 silly audit   'side-channel-list': [ '1.0.0' ],
440 silly audit   'side-channel-map': [ '1.0.1' ],
440 silly audit   'side-channel-weakmap': [ '1.0.2' ],
440 silly audit   'call-bound': [ '1.0.4' ],
440 silly audit   'get-intrinsic': [ '1.3.0' ],
440 silly audit   'call-bind-apply-helpers': [ '1.0.2' ],
440 silly audit   'function-bind': [ '1.1.2' ],
440 silly audit   'es-define-property': [ '1.0.1' ],
440 silly audit   'es-object-atoms': [ '1.1.1' ],
440 silly audit   'get-proto': [ '1.0.1' ],
440 silly audit   gopd: [ '1.2.0' ],
440 silly audit   'has-symbols': [ '1.1.0' ],
440 silly audit   hasown: [ '2.0.2' ],
440 silly audit   'math-intrinsics': [ '1.1.0' ],
440 silly audit   'dunder-proto': [ '1.0.1' ],
440 silly audit   'media-typer': [ '0.3.0' ]
440 silly audit }
441 http cache media-typer@https://registry.npmjs.org/media-typer/-/media-typer-0.3.0.tgz 0ms (cache hit)
442 http cache dunder-proto@https://registry.npmjs.org/dunder-proto/-/dunder-proto-1.0.1.tgz 0ms (cache hit)
443 http cache hasown@https://registry.npmjs.org/hasown/-/hasown-2.0.2.tgz 0ms (cache hit)
444 http cache math-intrinsics@https://registry.npmjs.org/math-intrinsics/-/math-intrinsics-1.1.0.tgz 0ms (cache hit)
445 http cache es-define-property@https://registry.npmjs.org/es-define-property/-/es-define-property-1.0.1.tgz 0ms (cache hit)
446 http cache gopd@https://registry.npmjs.org/gopd/-/gopd-1.2.0.tgz 0ms (cache hit)
447 http cache es-object-atoms@https://registry.npmjs.org/es-object-atoms/-/es-object-atoms-1.1.1.tgz 0ms (cache hit)
448 http cache function-bind@https://registry.npmjs.org/function-bind/-/function-bind-1.1.2.tgz 0ms (cache hit)
449 http cache call-bind-apply-helpers@https://registry.npmjs.org/call-bind-apply-helpers/-/call-bind-apply-helpers-1.0.2.tgz 0ms (cache hit)
450 http cache get-proto@https://registry.npmjs.org/get-proto/-/get-proto-1.0.1.tgz 0ms (cache hit)
451 http cache side-channel-map@https://registry.npmjs.org/side-channel-map/-/side-channel-map-1.0.1.tgz 0ms (cache hit)
452 http cache call-bound@https://registry.npmjs.org/call-bound/-/call-bound-1.0.4.tgz 0ms (cache hit)
453 http cache get-intrinsic@https://registry.npmjs.org/get-intrinsic/-/get-intrinsic-1.3.0.tgz 0ms (cache hit)
454 http cache side-channel-list@https://registry.npmjs.org/side-channel-list/-/side-channel-list-1.0.0.tgz 0ms (cache hit)
455 http cache has-symbols@https://registry.npmjs.org/has-symbols/-/has-symbols-1.1.0.tgz 0ms (cache hit)
456 http cache side-channel-weakmap@https://registry.npmjs.org/side-channel-weakmap/-/side-channel-weakmap-1.0.2.tgz 0ms (cache hit)
457 http cache es-errors@https://registry.npmjs.org/es-errors/-/es-errors-1.3.0.tgz 0ms (cache hit)
458 http cache side-channel@https://registry.npmjs.org/side-channel/-/side-channel-1.1.0.tgz 0ms (cache hit)
459 http cache mime@https://registry.npmjs.org/mime/-/mime-1.6.0.tgz 0ms (cache hit)
460 http cache node-domexception@https://registry.npmjs.org/node-domexception/-/node-domexception-1.0.0.tgz 0ms (cache hit)
461 http cache object-inspect@https://registry.npmjs.org/object-inspect/-/object-inspect-1.13.4.tgz 0ms (cache hit)
462 http cache ee-first@https://registry.npmjs.org/ee-first/-/ee-first-1.1.1.tgz 0ms (cache hit)
463 http cache forwarded@https://registry.npmjs.org/forwarded/-/forwarded-0.2.0.tgz 0ms (cache hit)
464 http cache data-uri-to-buffer@https://registry.npmjs.org/data-uri-to-buffer/-/data-uri-to-buffer-4.0.1.tgz 0ms (cache hit)
465 http cache web-streams-polyfill@https://registry.npmjs.org/web-streams-polyfill/-/web-streams-polyfill-3.3.3.tgz 0ms (cache hit)
466 http cache ipaddr.js@https://registry.npmjs.org/ipaddr.js/-/ipaddr.js-1.9.1.tgz 0ms (cache hit)
467 http cache safer-buffer@https://registry.npmjs.org/safer-buffer/-/safer-buffer-2.1.2.tgz 0ms (cache hit)
468 http cache inherits@https://registry.npmjs.org/inherits/-/inherits-2.0.4.tgz 0ms (cache hit)
469 http cache mime-db@https://registry.npmjs.org/mime-db/-/mime-db-1.52.0.tgz 0ms (cache hit)
470 http cache fetch-blob@https://registry.npmjs.org/fetch-blob/-/fetch-blob-3.2.0.tgz 0ms (cache hit)
471 http cache toidentifier@https://registry.npmjs.org/toidentifier/-/toidentifier-1.0.1.tgz 0ms (cache hit)
472 http cache formdata-polyfill@https://registry.npmjs.org/formdata-polyfill/-/formdata-polyfill-4.0.10.tgz 0ms (cache hit)
473 http cache unpipe@https://registry.npmjs.org/unpipe/-/unpipe-1.0.0.tgz 0ms (cache hit)
474 http cache ms@https://registry.npmjs.org/ms/-/ms-2.0.0.tgz 0ms (cache hit)
475 http cache iconv-lite@https://registry.npmjs.org/iconv-lite/-/iconv-lite-0.4.24.tgz 0ms (cache hit)
476 http cache raw-body@https://registry.npmjs.org/raw-body/-/raw-body-2.5.3.tgz 0ms (cache hit)
477 http cache mime-types@https://registry.npmjs.org/mime-types/-/mime-types-2.1.35.tgz 0ms (cache hit)
478 http cache statuses@https://registry.npmjs.org/statuses/-/statuses-2.0.2.tgz 0ms (cache hit)
479 http cache negotiator@https://registry.npmjs.org/negotiator/-/negotiator-0.6.3.tgz 0ms (cache hit)
480 http cache destroy@https://registry.npmjs.org/destroy/-/destroy-1.2.0.tgz 0ms (cache hit)
481 http cache setprototypeof@https://registry.npmjs.org/setprototypeof/-/setprototypeof-1.2.0.tgz 0ms (cache hit)
482 http cache utils-merge@https://registry.npmjs.org/utils-merge/-/utils-merge-1.0.1.tgz 0ms (cache hit)
483 http cache safe-buffer@https://registry.npmjs.org/safe-buffer/-/safe-buffer-5.2.1.tgz 0ms (cache hit)
484 http cache type-is@https://registry.npmjs.org/type-is/-/type-is-1.6.18.tgz 0ms (cache hit)
485 http cache serve-static@https://registry.npmjs.org/serve-static/-/serve-static-1.16.3.tgz 0ms (cache hit)
486 http cache qs@https://registry.npmjs.org/qs/-/qs-6.14.2.tgz 0ms (cache hit)
487 http cache range-parser@https://registry.npmjs.org/range-parser/-/range-parser-1.2.1.tgz 0ms (cache hit)
488 http cache bytes@https://registry.npmjs.org/bytes/-/bytes-3.1.2.tgz 0ms (cache hit)
489 http cache proxy-addr@https://registry.npmjs.org/proxy-addr/-/proxy-addr-2.0.7.tgz 0ms (cache hit)
490 http cache parseurl@https://registry.npmjs.org/parseurl/-/parseurl-1.3.3.tgz 0ms (cache hit)
491 http cache send@https://registry.npmjs.org/send/-/send-0.19.2.tgz 0ms (cache hit)
492 http cache http-errors@https://registry.npmjs.org/http-errors/-/http-errors-2.0.1.tgz 0ms (cache hit)
493 http cache methods@https://registry.npmjs.org/methods/-/methods-1.1.2.tgz 0ms (cache hit)
494 http cache merge-descriptors@https://registry.npmjs.org/merge-descriptors/-/merge-descriptors-1.0.3.tgz 0ms (cache hit)
495 http cache path-to-regexp@https://registry.npmjs.org/path-to-regexp/-/path-to-regexp-0.1.13.tgz 0ms (cache hit)
496 http cache fresh@https://registry.npmjs.org/fresh/-/fresh-0.5.2.tgz 0ms (cache hit)
497 http cache finalhandler@https://registry.npmjs.org/finalhandler/-/finalhandler-1.3.2.tgz 0ms (cache hit)
498 http cache on-finished@https://registry.npmjs.org/on-finished/-/on-finished-2.4.1.tgz 0ms (cache hit)
499 http cache escape-html@https://registry.npmjs.org/escape-html/-/escape-html-1.0.3.tgz 0ms (cache hit)
500 http cache encodeurl@https://registry.npmjs.org/encodeurl/-/encodeurl-2.0.0.tgz 0ms (cache hit)
501 http cache etag@https://registry.npmjs.org/etag/-/etag-1.8.1.tgz 0ms (cache hit)
502 http cache cookie@https://registry.npmjs.org/cookie/-/cookie-0.7.2.tgz 0ms (cache hit)
503 http cache depd@https://registry.npmjs.org/depd/-/depd-2.0.0.tgz 0ms (cache hit)
504 http cache cookie-signature@https://registry.npmjs.org/cookie-signature/-/cookie-signature-1.0.7.tgz 0ms (cache hit)
505 http cache content-disposition@https://registry.npmjs.org/content-disposition/-/content-disposition-0.5.4.tgz 0ms (cache hit)
506 http cache content-type@https://registry.npmjs.org/content-type/-/content-type-1.0.5.tgz 0ms (cache hit)
507 http cache debug@https://registry.npmjs.org/debug/-/debug-2.6.9.tgz 0ms (cache hit)
508 http cache array-flatten@https://registry.npmjs.org/array-flatten/-/array-flatten-1.1.1.tgz 0ms (cache hit)
509 http cache accepts@https://registry.npmjs.org/accepts/-/accepts-1.3.8.tgz 0ms (cache hit)
510 http cache object-assign@https://registry.npmjs.org/object-assign/-/object-assign-4.1.1.tgz 0ms (cache hit)
511 http cache node-fetch@https://registry.npmjs.org/node-fetch/-/node-fetch-3.3.2.tgz 0ms (cache hit)
512 http cache vary@https://registry.npmjs.org/vary/-/vary-1.1.2.tgz 0ms (cache hit)
513 http cache ms@https://registry.npmjs.org/ms/-/ms-2.1.3.tgz 0ms (cache hit)
514 http cache body-parser@https://registry.npmjs.org/body-parser/-/body-parser-1.20.4.tgz 0ms (cache hit)
515 http cache express@https://registry.npmjs.org/express/-/express-4.22.1.tgz 0ms (cache hit)
516 http cache dotenv@https://registry.npmjs.org/dotenv/-/dotenv-16.6.1.tgz 0ms (cache hit)
517 silly tarball no local data for node-domexception@https://registry.npmjs.org/node-domexception/-/node-domexception-1.0.0.tgz. Extracting by manifest.
518 http cache cors@https://registry.npmjs.org/cors/-/cors-2.8.6.tgz 0ms (cache hit)
519 silly tarball no local data for data-uri-to-buffer@https://registry.npmjs.org/data-uri-to-buffer/-/data-uri-to-buffer-4.0.1.tgz. Extracting by manifest.
520 silly tarball no local data for web-streams-polyfill@https://registry.npmjs.org/web-streams-polyfill/-/web-streams-polyfill-3.3.3.tgz. Extracting by manifest.
521 silly tarball no local data for fetch-blob@https://registry.npmjs.org/fetch-blob/-/fetch-blob-3.2.0.tgz. Extracting by manifest.
522 silly tarball no local data for formdata-polyfill@https://registry.npmjs.org/formdata-polyfill/-/formdata-polyfill-4.0.10.tgz. Extracting by manifest.
523 silly tarball no local data for node-fetch@https://registry.npmjs.org/node-fetch/-/node-fetch-3.3.2.tgz. Extracting by manifest.
524 silly tarball no local data for dotenv@https://registry.npmjs.org/dotenv/-/dotenv-16.6.1.tgz. Extracting by manifest.
525 silly tarball no local data for cors@https://registry.npmjs.org/cors/-/cors-2.8.6.tgz. Extracting by manifest.
526 http fetch POST 200 https://registry.npmjs.org/-/npm/v1/security/advisories/bulk 159ms
527 silly audit report {}
528 http fetch GET 200 https://registry.npmjs.org/data-uri-to-buffer/-/data-uri-to-buffer-4.0.1.tgz 204ms (cache miss)
529 http fetch GET 200 https://registry.npmjs.org/node-domexception/-/node-domexception-1.0.0.tgz 207ms (cache miss)
530 http fetch GET 200 https://registry.npmjs.org/cors/-/cors-2.8.6.tgz 314ms (cache miss)
531 http fetch GET 200 https://registry.npmjs.org/formdata-polyfill/-/formdata-polyfill-4.0.10.tgz 326ms (cache miss)
532 http fetch GET 200 https://registry.npmjs.org/fetch-blob/-/fetch-blob-3.2.0.tgz 336ms (cache miss)
533 http fetch GET 200 https://registry.npmjs.org/dotenv/-/dotenv-16.6.1.tgz 365ms (cache miss)
534 http fetch GET 200 https://registry.npmjs.org/node-fetch/-/node-fetch-3.3.2.tgz 392ms (cache miss)
535 warn deprecated node-domexception@1.0.0: Use your platform's native DOMException instead
536 http fetch GET 200 https://registry.npmjs.org/web-streams-polyfill/-/web-streams-polyfill-3.3.3.tgz 689ms (cache miss)
537 silly ADD node_modules/media-typer
538 silly ADD node_modules/dunder-proto
539 silly ADD node_modules/math-intrinsics
540 silly ADD node_modules/hasown
541 silly ADD node_modules/has-symbols
542 silly ADD node_modules/gopd
543 silly ADD node_modules/get-proto
544 silly ADD node_modules/es-object-atoms
545 silly ADD node_modules/es-define-property
546 silly ADD node_modules/function-bind
547 silly ADD node_modules/call-bind-apply-helpers
548 silly ADD node_modules/get-intrinsic
549 silly ADD node_modules/call-bound
550 silly ADD node_modules/side-channel-weakmap
551 silly ADD node_modules/side-channel-map
552 silly ADD node_modules/side-channel-list
553 silly ADD node_modules/object-inspect
554 silly ADD node_modules/es-errors
555 silly ADD node_modules/mime
556 silly ADD node_modules/side-channel
557 silly ADD node_modules/ipaddr.js
558 silly ADD node_modules/forwarded
559 silly ADD node_modules/ee-first
560 silly ADD node_modules/web-streams-polyfill
561 silly ADD node_modules/node-domexception
562 silly ADD node_modules/formdata-polyfill
563 silly ADD node_modules/fetch-blob
564 silly ADD node_modules/data-uri-to-buffer
565 silly ADD node_modules/mime-db
566 silly ADD node_modules/safer-buffer
567 silly ADD node_modules/toidentifier
568 silly ADD node_modules/inherits
569 silly ADD node_modules/ms
570 silly ADD node_modules/unpipe
571 silly ADD node_modules/raw-body
572 silly ADD node_modules/iconv-lite
573 silly ADD node_modules/destroy
574 silly ADD node_modules/bytes
575 silly ADD node_modules/negotiator
576 silly ADD node_modules/mime-types
577 silly ADD node_modules/utils-merge
578 silly ADD node_modules/type-is
579 silly ADD node_modules/statuses
580 silly ADD node_modules/setprototypeof
581 silly ADD node_modules/serve-static
582 silly ADD node_modules/send
583 silly ADD node_modules/send/node_modules/ms
584 silly ADD node_modules/safe-buffer
585 silly ADD node_modules/range-parser
586 silly ADD node_modules/qs
587 silly ADD node_modules/proxy-addr
588 silly ADD node_modules/path-to-regexp
589 silly ADD node_modules/parseurl
590 silly ADD node_modules/on-finished
591 silly ADD node_modules/methods
592 silly ADD node_modules/merge-descriptors
593 silly ADD node_modules/http-errors
594 silly ADD node_modules/fresh
595 silly ADD node_modules/finalhandler
596 silly ADD node_modules/etag
597 silly ADD node_modules/escape-html
598 silly ADD node_modules/encodeurl
599 silly ADD node_modules/depd
600 silly ADD node_modules/debug
601 silly ADD node_modules/cookie-signature
602 silly ADD node_modules/cookie
603 silly ADD node_modules/content-type
604 silly ADD node_modules/content-disposition
605 silly ADD node_modules/body-parser
606 silly ADD node_modules/array-flatten
607 silly ADD node_modules/accepts
608 silly ADD node_modules/vary
609 silly ADD node_modules/object-assign
610 silly ADD node_modules/node-fetch
611 silly ADD node_modules/express
612 silly ADD node_modules/dotenv
613 silly ADD node_modules/cors
614 verbose cwd C:\Users\prash\Documents\New project\server
615 verbose os Windows_NT 10.0.26200
616 verbose node v22.14.0
617 verbose npm  v10.9.2
618 verbose exit 0
619 info ok
