0 verbose cli C:\Users\prash\Documents\New project\node-v22.14.0-win-x64\node.exe C:\Users\prash\Documents\New project\node-v22.14.0-win-x64\node_modules\npm\bin\npm-cli.js
1 info using npm@10.9.2
2 info using node@v22.14.0
3 silly config load:file:C:\Users\prash\Documents\New project\node-v22.14.0-win-x64\node_modules\npm\npmrc
4 silly config load:file:C:\Users\prash\Documents\New project\.npmrc
5 silly config load:file:C:\Users\prash\.npmrc
6 silly config load:file:C:\Users\prash\Documents\New project\node-v22.14.0-win-x64\etc\npmrc
7 verbose title npm install
8 verbose argv "install"
9 verbose logfile logs-max:10 dir:C:\Users\prash\Documents\New project\.npm-cache\_logs\2026-03-28T20_13_04_807Z-
10 verbose logfile C:\Users\prash\Documents\New project\.npm-cache\_logs\2026-03-28T20_13_04_807Z-debug-0.log
11 silly logfile done cleaning log files
12 silly packumentCache heap:4345298944 maxSize:1086324736 maxEntrySize:543162368
13 silly idealTree buildDeps
14 silly reify moves {}
15 silly audit bulk request {
15 silly audit   '@babel/runtime': [ '7.29.2' ],
15 silly audit   'ansi-regex': [ '5.0.1' ],
15 silly audit   'ansi-styles': [ '4.3.0' ],
15 silly audit   chalk: [ '4.1.2' ],
15 silly audit   'supports-color': [ '7.2.0', '8.1.1' ],
15 silly audit   cliui: [ '8.0.1' ],
15 silly audit   'color-convert': [ '2.0.1' ],
15 silly audit   'color-name': [ '1.1.4' ],
15 silly audit   concurrently: [ '8.2.2' ],
15 silly audit   'date-fns': [ '2.30.0' ],
15 silly audit   'emoji-regex': [ '8.0.0' ],
15 silly audit   escalade: [ '3.2.0' ],
15 silly audit   'get-caller-file': [ '2.0.5' ],
15 silly audit   'has-flag': [ '4.0.0' ],
15 silly audit   'is-fullwidth-code-point': [ '3.0.0' ],
15 silly audit   lodash: [ '4.17.23' ],
15 silly audit   'require-directory': [ '2.1.1' ],
15 silly audit   rxjs: [ '7.8.2' ],
15 silly audit   'shell-quote': [ '1.8.3' ],
15 silly audit   'spawn-command': [ '0.0.2' ],
15 silly audit   'string-width': [ '4.2.3' ],
15 silly audit   'strip-ansi': [ '6.0.1' ],
15 silly audit   'tree-kill': [ '1.2.2' ],
15 silly audit   tslib: [ '2.8.1' ],
15 silly audit   'wrap-ansi': [ '7.0.0' ],
15 silly audit   y18n: [ '5.0.8' ],
15 silly audit   yargs: [ '17.7.2' ],
15 silly audit   'yargs-parser': [ '21.1.1' ]
15 silly audit }
16 http fetch POST 200 https://registry.npmjs.org/-/npm/v1/security/advisories/bulk 254ms
17 silly audit report {}
18 verbose cwd C:\Users\prash\Documents\New project
19 verbose os Windows_NT 10.0.26200
20 verbose node v22.14.0
21 verbose npm  v10.9.2
22 verbose exit 0
23 info ok
