0 verbose cli C:\Users\prash\Documents\New project\node-v22.14.0-win-x64\node.exe C:\Users\prash\Documents\New project\node-v22.14.0-win-x64\node_modules\npm\bin\npm-cli.js
1 info using npm@10.9.2
2 info using node@v22.14.0
3 silly config load:file:C:\Users\prash\Documents\New project\node-v22.14.0-win-x64\node_modules\npm\npmrc
4 silly config load:file:C:\Users\prash\Documents\New project\.npmrc
5 silly config load:file:C:\Users\prash\.npmrc
6 silly config load:file:C:\Users\prash\Documents\New project\node-v22.14.0-win-x64\etc\npmrc
7 verbose title npm run install:all
8 verbose argv "run" "install:all"
9 verbose logfile logs-max:10 dir:C:\Users\prash\Documents\New project\.npm-cache\_logs\2026-03-28T20_10_17_926Z-
10 verbose logfile C:\Users\prash\Documents\New project\.npm-cache\_logs\2026-03-28T20_10_17_926Z-debug-0.log
11 silly logfile done cleaning log files
12 http fetch GET 200 https://registry.npmjs.org/npm 282ms
13 verbose cwd C:\Users\prash\Documents\New project
14 verbose os Windows_NT 10.0.26200
15 verbose node v22.14.0
16 verbose npm  v10.9.2
17 notice
17 notice New major version of npm available! 10.9.2 -> 11.12.1
17 notice Changelog: https://github.com/npm/cli/releases/tag/v11.12.1
17 notice To update run: npm install -g npm@11.12.1
17 notice  { force: true, [Symbol(proc-log.meta)]: true }
18 verbose exit 4294963248
19 verbose code 4294963248
